<?xml version="1.0" encoding="UTF-8"?>
<!-- Generated by org.testng.reporters.JUnitReportReporter -->
<testsuite hostname="DESKTOP-BL78S5R" failures="0" tests="1" name="maven.sample" time="8.230" errors="0" timestamp="2022-07-21T16:35:44 IST" skipped="0">
  <testcase classname="maven.sample" name="f" time="8.230"/>
  <system-out/>
</testsuite> <!-- maven.sample -->
